15:47:43 **** Incremental Build of configuration Debug for project Mini_Project2 ****
make all 
Building file: ../Mini_Project2.c
Invoking: AVR Compiler
avr-gcc -Wall -g2 -gstabs -O0 -fpack-struct -fshort-enums -ffunction-sections -fdata-sections -std=gnu99 -funsigned-char -funsigned-bitfields -mmcu=atmega16 -DF_CPU=1000000UL -MMD -MP -MF"Mini_Project2.d" -MT"Mini_Project2.o" -c -o "Mini_Project2.o" "../Mini_Project2.c"
In file included from ../micro_config.h:22,
                 from ../lcd.h:18,
                 from ../Mini_Project2.c:8:
c:/winavr-20100110/lib/gcc/../../avr/include/util/delay.h:90:3: warning: #warning "Compiler optimizations disabled; functions from <util/delay.h> won't work as designed"
Finished building: ../Mini_Project2.c
 
Building file: ../adc.c
Invoking: AVR Compiler
avr-gcc -Wall -g2 -gstabs -O0 -fpack-struct -fshort-enums -ffunction-sections -fdata-sections -std=gnu99 -funsigned-char -funsigned-bitfields -mmcu=atmega16 -DF_CPU=1000000UL -MMD -MP -MF"adc.d" -MT"adc.o" -c -o "adc.o" "../adc.c"
In file included from ../micro_config.h:22,
                 from ../ADC.h:16,
                 from ../adc.c:14:
c:/winavr-20100110/lib/gcc/../../avr/include/util/delay.h:90:3: warning: #warning "Compiler optimizations disabled; functions from <util/delay.h> won't work as designed"
Finished building: ../adc.c
 
Building target: Mini_Project2.elf
Invoking: AVR C Linker
avr-gcc -Wl,-Map,Mini_Project2.map -mmcu=atmega16 -o "Mini_Project2.elf"  ./Mini_Project2.o ./adc.o ./lcd.o   
Finished building target: Mini_Project2.elf
 
Invoking: AVR Create Extended Listing
avr-objdump -h -S Mini_Project2.elf  >"Mini_Project2.lss"
Finished building: Mini_Project2.lss
 
Invoking: Print Size
avr-size --format=avr --mcu=atmega16 Mini_Project2.elf
AVR Memory Usage
----------------
Device: atmega16

Program:    6166 bytes (37.6% Full)
(.text + .data + .bootloader)

Data:         24 bytes (2.3% Full)
(.data + .bss + .noinit)


Finished building: sizedummy
 

15:47:45 Build Finished. 0 errors, 2 warnings. (took 1s.821ms)

