04:50:33 **** Incremental Build of configuration Debug for project Control_M2 ****
make all 
Building file: ../Control_M2.c
Invoking: AVR Compiler
avr-gcc -Wall -g2 -gstabs -O0 -fpack-struct -fshort-enums -ffunction-sections -fdata-sections -std=gnu99 -funsigned-char -funsigned-bitfields -mmcu=atmega16 -DF_CPU=1000000UL -MMD -MP -MF"Control_M2.d" -MT"Control_M2.o" -c -o "Control_M2.o" "../Control_M2.c"
../Control_M2.c:1:1: warning: "F_CPU" redefined
<command-line>: warning: this is the location of the previous definition
In file included from ../micro_config.h:22,
                 from ../uart.h:16,
                 from ../Control_M2.c:3:
c:/winavr-20100110/lib/gcc/../../avr/include/util/delay.h:90:3: warning: #warning "Compiler optimizations disabled; functions from <util/delay.h> won't work as designed"
Finished building: ../Control_M2.c
 
Building target: Control_M2.elf
Invoking: AVR C Linker
avr-gcc -Wl,-Map,Control_M2.map -mmcu=atmega16 -o "Control_M2.elf"  ./Control_M2.o ./external_eeprom.o ./i2c.o ./lcd.o ./timer.o ./uart.o   
Finished building target: Control_M2.elf
 
Invoking: AVR Create Extended Listing
avr-objdump -h -S Control_M2.elf  >"Control_M2.lss"
Finished building: Control_M2.lss
 
Invoking: Print Size
avr-size --format=avr --mcu=atmega16 Control_M2.elf
AVR Memory Usage
----------------
Device: atmega16

Program:   11786 bytes (71.9% Full)
(.text + .data + .bootloader)

Data:         33 bytes (3.2% Full)
(.data + .bss + .noinit)


Finished building: sizedummy
 
05:09:12 **** Incremental Build of configuration Debug for project Control_M2 ****
make all 
Building file: ../Control_M2.c
Invoking: AVR Compiler
avr-gcc -Wall -g2 -gstabs -O0 -fpack-struct -fshort-enums -ffunction-sections -fdata-sections -std=gnu99 -funsigned-char -funsigned-bitfields -mmcu=atmega16 -DF_CPU=1000000UL -MMD -MP -MF"Control_M2.d" -MT"Control_M2.o" -c -o "Control_M2.o" "../Control_M2.c"
../Control_M2.c:1:1: warning: "F_CPU" redefined
<command-line>: warning: this is the location of the previous definition
In file included from ../micro_config.h:22,
                 from ../uart.h:16,
                 from ../Control_M2.c:3:
c:/winavr-20100110/lib/gcc/../../avr/include/util/delay.h:90:3: warning: #warning "Compiler optimizations disabled; functions from <util/delay.h> won't work as designed"
Finished building: ../Control_M2.c
 
Building target: Control_M2.elf
Invoking: AVR C Linker
avr-gcc -Wl,-Map,Control_M2.map -mmcu=atmega16 -o "Control_M2.elf"  ./Control_M2.o ./external_eeprom.o ./i2c.o ./lcd.o ./timer.o ./uart.o   
Finished building target: Control_M2.elf
 
Invoking: AVR Create Extended Listing
avr-objdump -h -S Control_M2.elf  >"Control_M2.lss"
Finished building: Control_M2.lss
 
Invoking: Print Size
avr-size --format=avr --mcu=atmega16 Control_M2.elf
AVR Memory Usage
----------------
Device: atmega16

Program:   11774 bytes (71.9% Full)
(.text + .data + .bootloader)

Data:         33 bytes (3.2% Full)
(.data + .bss + .noinit)


Finished building: sizedummy
 
05:09:13 **** Incremental Build of configuration Debug for project HMI ****
make all 
Building file: ../HMI.c
Invoking: AVR Compiler
avr-gcc -Wall -g2 -gstabs -O0 -fpack-struct -fshort-enums -ffunction-sections -fdata-sections -std=gnu99 -funsigned-char -funsigned-bitfields -mmcu=atmega16 -DF_CPU=8000000UL -MMD -MP -MF"HMI.d" -MT"HMI.o" -c -o "HMI.o" "../HMI.c"
In file included from ../micro_config.h:22,
                 from ../lcd.h:18,
                 from ../HMI.c:4:
c:/winavr-20100110/lib/gcc/../../avr/include/util/delay.h:90:3: warning: #warning "Compiler optimizations disabled; functions from <util/delay.h> won't work as designed"
In file included from ../HMI.c:5:
../uart.h:41: warning: no semicolon at end of struct or union
Finished building: ../HMI.c
 
Building target: HMI.elf
Invoking: AVR C Linker
avr-gcc -Wl,-Map,HMI.map -mmcu=atmega16 -o "HMI.elf"  ./HMI.o ./keypad.o ./lcd.o ./uart.o   
Finished building target: HMI.elf
 
Invoking: AVR Create Extended Listing
avr-objdump -h -S HMI.elf  >"HMI.lss"
Finished building: HMI.lss
 
Invoking: Print Size
avr-size --format=avr --mcu=atmega16 HMI.elf
AVR Memory Usage
----------------
Device: atmega16

Program:   11850 bytes (72.3% Full)
(.text + .data + .bootloader)

Data:        214 bytes (20.9% Full)
(.data + .bss + .noinit)


Finished building: sizedummy
 
05:10:06 **** Incremental Build of configuration Debug for project Control_M2 ****
make all 
Building file: ../Control_M2.c
Invoking: AVR Compiler
avr-gcc -Wall -g2 -gstabs -O0 -fpack-struct -fshort-enums -ffunction-sections -fdata-sections -std=gnu99 -funsigned-char -funsigned-bitfields -mmcu=atmega16 -DF_CPU=1000000UL -MMD -MP -MF"Control_M2.d" -MT"Control_M2.o" -c -o "Control_M2.o" "../Control_M2.c"
../Control_M2.c:1:1: warning: "F_CPU" redefined
<command-line>: warning: this is the location of the previous definition
In file included from ../micro_config.h:22,
                 from ../uart.h:16,
                 from ../Control_M2.c:3:
c:/winavr-20100110/lib/gcc/../../avr/include/util/delay.h:90:3: warning: #warning "Compiler optimizations disabled; functions from <util/delay.h> won't work as designed"
Finished building: ../Control_M2.c
 
Building target: Control_M2.elf
Invoking: AVR C Linker
avr-gcc -Wl,-Map,Control_M2.map -mmcu=atmega16 -o "Control_M2.elf"  ./Control_M2.o ./external_eeprom.o ./i2c.o ./lcd.o ./timer.o ./uart.o   
Finished building target: Control_M2.elf
 
Invoking: AVR Create Extended Listing
avr-objdump -h -S Control_M2.elf  >"Control_M2.lss"
Finished building: Control_M2.lss
 
Invoking: Print Size
avr-size --format=avr --mcu=atmega16 Control_M2.elf
AVR Memory Usage
----------------
Device: atmega16

Program:   11774 bytes (71.9% Full)
(.text + .data + .bootloader)

Data:         33 bytes (3.2% Full)
(.data + .bss + .noinit)


Finished building: sizedummy
 
05:10:08 **** Incremental Build of configuration Debug for project HMI ****
make all 
Building file: ../HMI.c
Invoking: AVR Compiler
avr-gcc -Wall -g2 -gstabs -O0 -fpack-struct -fshort-enums -ffunction-sections -fdata-sections -std=gnu99 -funsigned-char -funsigned-bitfields -mmcu=atmega16 -DF_CPU=8000000UL -MMD -MP -MF"HMI.d" -MT"HMI.o" -c -o "HMI.o" "../HMI.c"
In file included from ../micro_config.h:22,
                 from ../lcd.h:18,
                 from ../HMI.c:4:
c:/winavr-20100110/lib/gcc/../../avr/include/util/delay.h:90:3: warning: #warning "Compiler optimizations disabled; functions from <util/delay.h> won't work as designed"
In file included from ../HMI.c:5:
../uart.h:41: warning: no semicolon at end of struct or union
Finished building: ../HMI.c
 
Building target: HMI.elf
Invoking: AVR C Linker
avr-gcc -Wl,-Map,HMI.map -mmcu=atmega16 -o "HMI.elf"  ./HMI.o ./keypad.o ./lcd.o ./uart.o   
Finished building target: HMI.elf
 
Invoking: AVR Create Extended Listing
avr-objdump -h -S HMI.elf  >"HMI.lss"
Finished building: HMI.lss
 
Invoking: Print Size
avr-size --format=avr --mcu=atmega16 HMI.elf
AVR Memory Usage
----------------
Device: atmega16

Program:   11850 bytes (72.3% Full)
(.text + .data + .bootloader)

Data:        214 bytes (20.9% Full)
(.data + .bss + .noinit)


Finished building: sizedummy
 
05:11:21 **** Incremental Build of configuration Debug for project Control_M2 ****
make all 
Building file: ../Control_M2.c
Invoking: AVR Compiler
avr-gcc -Wall -g2 -gstabs -O0 -fpack-struct -fshort-enums -ffunction-sections -fdata-sections -std=gnu99 -funsigned-char -funsigned-bitfields -mmcu=atmega16 -DF_CPU=1000000UL -MMD -MP -MF"Control_M2.d" -MT"Control_M2.o" -c -o "Control_M2.o" "../Control_M2.c"
../Control_M2.c:1:1: warning: "F_CPU" redefined
<command-line>: warning: this is the location of the previous definition
In file included from ../micro_config.h:22,
                 from ../uart.h:16,
                 from ../Control_M2.c:3:
c:/winavr-20100110/lib/gcc/../../avr/include/util/delay.h:90:3: warning: #warning "Compiler optimizations disabled; functions from <util/delay.h> won't work as designed"
Finished building: ../Control_M2.c
 
Building target: Control_M2.elf
Invoking: AVR C Linker
avr-gcc -Wl,-Map,Control_M2.map -mmcu=atmega16 -o "Control_M2.elf"  ./Control_M2.o ./external_eeprom.o ./i2c.o ./lcd.o ./timer.o ./uart.o   
Finished building target: Control_M2.elf
 
Invoking: AVR Create Extended Listing
avr-objdump -h -S Control_M2.elf  >"Control_M2.lss"
Finished building: Control_M2.lss
 
Invoking: Print Size
avr-size --format=avr --mcu=atmega16 Control_M2.elf
AVR Memory Usage
----------------
Device: atmega16

Program:   11802 bytes (72.0% Full)
(.text + .data + .bootloader)

Data:         33 bytes (3.2% Full)
(.data + .bss + .noinit)


Finished building: sizedummy
 
05:11:22 **** Incremental Build of configuration Debug for project HMI ****
make all 
Invoking: Print Size
avr-size --format=avr --mcu=atmega16 HMI.elf
AVR Memory Usage
----------------
Device: atmega16

Program:   11850 bytes (72.3% Full)
(.text + .data + .bootloader)

Data:        214 bytes (20.9% Full)
(.data + .bss + .noinit)


Finished building: sizedummy
 
05:12:58 **** Incremental Build of configuration Debug for project Control_M2 ****
make all 
Building file: ../Control_M2.c
Invoking: AVR Compiler
avr-gcc -Wall -g2 -gstabs -O0 -fpack-struct -fshort-enums -ffunction-sections -fdata-sections -std=gnu99 -funsigned-char -funsigned-bitfields -mmcu=atmega16 -DF_CPU=1000000UL -MMD -MP -MF"Control_M2.d" -MT"Control_M2.o" -c -o "Control_M2.o" "../Control_M2.c"
../Control_M2.c:1:1: warning: "F_CPU" redefined
<command-line>: warning: this is the location of the previous definition
In file included from ../micro_config.h:22,
                 from ../uart.h:16,
                 from ../Control_M2.c:3:
c:/winavr-20100110/lib/gcc/../../avr/include/util/delay.h:90:3: warning: #warning "Compiler optimizations disabled; functions from <util/delay.h> won't work as designed"
Finished building: ../Control_M2.c
 
Building target: Control_M2.elf
Invoking: AVR C Linker
avr-gcc -Wl,-Map,Control_M2.map -mmcu=atmega16 -o "Control_M2.elf"  ./Control_M2.o ./external_eeprom.o ./i2c.o ./lcd.o ./timer.o ./uart.o   
Finished building target: Control_M2.elf
 
Invoking: AVR Create Extended Listing
avr-objdump -h -S Control_M2.elf  >"Control_M2.lss"
Finished building: Control_M2.lss
 
Invoking: Print Size
avr-size --format=avr --mcu=atmega16 Control_M2.elf
AVR Memory Usage
----------------
Device: atmega16

Program:   11802 bytes (72.0% Full)
(.text + .data + .bootloader)

Data:         33 bytes (3.2% Full)
(.data + .bss + .noinit)


Finished building: sizedummy
 
05:12:59 **** Incremental Build of configuration Debug for project HMI ****
make all 
Building file: ../HMI.c
Invoking: AVR Compiler
avr-gcc -Wall -g2 -gstabs -O0 -fpack-struct -fshort-enums -ffunction-sections -fdata-sections -std=gnu99 -funsigned-char -funsigned-bitfields -mmcu=atmega16 -DF_CPU=8000000UL -MMD -MP -MF"HMI.d" -MT"HMI.o" -c -o "HMI.o" "../HMI.c"
In file included from ../micro_config.h:22,
                 from ../lcd.h:18,
                 from ../HMI.c:4:
c:/winavr-20100110/lib/gcc/../../avr/include/util/delay.h:90:3: warning: #warning "Compiler optimizations disabled; functions from <util/delay.h> won't work as designed"
In file included from ../HMI.c:5:
../uart.h:41: warning: no semicolon at end of struct or union
Finished building: ../HMI.c
 
Building target: HMI.elf
Invoking: AVR C Linker
avr-gcc -Wl,-Map,HMI.map -mmcu=atmega16 -o "HMI.elf"  ./HMI.o ./keypad.o ./lcd.o ./uart.o   
Finished building target: HMI.elf
 
Invoking: AVR Create Extended Listing
avr-objdump -h -S HMI.elf  >"HMI.lss"
Finished building: HMI.lss
 
Invoking: Print Size
avr-size --format=avr --mcu=atmega16 HMI.elf
AVR Memory Usage
----------------
Device: atmega16

Program:   11850 bytes (72.3% Full)
(.text + .data + .bootloader)

Data:        214 bytes (20.9% Full)
(.data + .bss + .noinit)


Finished building: sizedummy
 
06:37:02 **** Incremental Build of configuration Debug for project Control_M2 ****
make all 
Building file: ../Control_M2.c
Invoking: AVR Compiler
avr-gcc -Wall -g2 -gstabs -O0 -fpack-struct -fshort-enums -ffunction-sections -fdata-sections -std=gnu99 -funsigned-char -funsigned-bitfields -mmcu=atmega16 -DF_CPU=1000000UL -MMD -MP -MF"Control_M2.d" -MT"Control_M2.o" -c -o "Control_M2.o" "../Control_M2.c"
../Control_M2.c:1:1: warning: "F_CPU" redefined
<command-line>: warning: this is the location of the previous definition
In file included from ../micro_config.h:22,
                 from ../uart.h:16,
                 from ../Control_M2.c:3:
c:/winavr-20100110/lib/gcc/../../avr/include/util/delay.h:90:3: warning: #warning "Compiler optimizations disabled; functions from <util/delay.h> won't work as designed"
Finished building: ../Control_M2.c
 
Building target: Control_M2.elf
Invoking: AVR C Linker
avr-gcc -Wl,-Map,Control_M2.map -mmcu=atmega16 -o "Control_M2.elf"  ./Control_M2.o ./external_eeprom.o ./i2c.o ./lcd.o ./timer.o ./uart.o   
Finished building target: Control_M2.elf
 
Invoking: AVR Create Extended Listing
avr-objdump -h -S Control_M2.elf  >"Control_M2.lss"
Finished building: Control_M2.lss
 
Invoking: Print Size
avr-size --format=avr --mcu=atmega16 Control_M2.elf
AVR Memory Usage
----------------
Device: atmega16

Program:   11802 bytes (72.0% Full)
(.text + .data + .bootloader)

Data:         33 bytes (3.2% Full)
(.data + .bss + .noinit)


Finished building: sizedummy
 
06:37:03 **** Incremental Build of configuration Debug for project HMI ****
make all 
Building file: ../HMI.c
Invoking: AVR Compiler
avr-gcc -Wall -g2 -gstabs -O0 -fpack-struct -fshort-enums -ffunction-sections -fdata-sections -std=gnu99 -funsigned-char -funsigned-bitfields -mmcu=atmega16 -DF_CPU=8000000UL -MMD -MP -MF"HMI.d" -MT"HMI.o" -c -o "HMI.o" "../HMI.c"
In file included from ../micro_config.h:22,
                 from ../lcd.h:18,
                 from ../HMI.c:4:
c:/winavr-20100110/lib/gcc/../../avr/include/util/delay.h:90:3: warning: #warning "Compiler optimizations disabled; functions from <util/delay.h> won't work as designed"
In file included from ../HMI.c:5:
../uart.h:41: warning: no semicolon at end of struct or union
Finished building: ../HMI.c
 
Building target: HMI.elf
Invoking: AVR C Linker
avr-gcc -Wl,-Map,HMI.map -mmcu=atmega16 -o "HMI.elf"  ./HMI.o ./keypad.o ./lcd.o ./uart.o   
Finished building target: HMI.elf
 
Invoking: AVR Create Extended Listing
avr-objdump -h -S HMI.elf  >"HMI.lss"
Finished building: HMI.lss
 
Invoking: Print Size
avr-size --format=avr --mcu=atmega16 HMI.elf
AVR Memory Usage
----------------
Device: atmega16

Program:   11866 bytes (72.4% Full)
(.text + .data + .bootloader)

Data:        214 bytes (20.9% Full)
(.data + .bss + .noinit)


Finished building: sizedummy
 
20:57:07 **** Build of configuration Debug for project Control_M2 ****
make all 
Building file: ../Control_M2.c
Invoking: AVR Compiler
avr-gcc -Wall -g2 -gstabs -O0 -fpack-struct -fshort-enums -ffunction-sections -fdata-sections -std=gnu99 -funsigned-char -funsigned-bitfields -mmcu=atmega16 -DF_CPU=1000000UL -MMD -MP -MF"Control_M2.d" -MT"Control_M2.o" -c -o "Control_M2.o" "../Control_M2.c"
../Control_M2.c:11:1: warning: "F_CPU" redefined
<command-line>: warning: this is the location of the previous definition
In file included from ../micro_config.h:21,
                 from ../uart.h:16,
                 from ../Control_M2.c:13:
c:/winavr-20100110/lib/gcc/../../avr/include/util/delay.h:90:3: warning: #warning "Compiler optimizations disabled; functions from <util/delay.h> won't work as designed"
../Control_M2.c: In function 'main':
../Control_M2.c:80: warning: passing argument 2 of 'EEPROM_readByte' makes pointer from integer without a cast
../Control_M2.c:82: error: expected ';' before 'if'
../Control_M2.c:51: warning: unused variable 'action'
../Control_M2.c:48: warning: unused variable 'old_password'
../Control_M2.c:47: warning: unused variable 're_password'
../Control_M2.c:46: warning: unused variable 'password'
make: *** [Control_M2.o] Error 1
"make all" terminated with exit code 2. Build might be incomplete.
20:57:10 **** Clean-only build of configuration Debug for project HMI ****
make clean 
rm -rf  ./HMI.o ./keypad.o ./lcd.o ./uart.o  sizedummy  HMI.lss  ./HMI.d ./keypad.d ./lcd.d ./uart.d  HMI.elf
 
20:57:11 **** Build of configuration Debug for project HMI ****
make all 
Building file: ../HMI.c
Invoking: AVR Compiler
avr-gcc -Wall -g2 -gstabs -O0 -fpack-struct -fshort-enums -ffunction-sections -fdata-sections -std=gnu99 -funsigned-char -funsigned-bitfields -mmcu=atmega16 -DF_CPU=8000000UL -MMD -MP -MF"HMI.d" -MT"HMI.o" -c -o "HMI.o" "../HMI.c"
In file included from ../micro_config.h:22,
                 from ../lcd.h:18,
                 from ../HMI.c:15:
c:/winavr-20100110/lib/gcc/../../avr/include/util/delay.h:90:3: warning: #warning "Compiler optimizations disabled; functions from <util/delay.h> won't work as designed"
In file included from ../HMI.c:16:
../uart.h:41: warning: no semicolon at end of struct or union
Finished building: ../HMI.c
 
Building file: ../keypad.c
Invoking: AVR Compiler
avr-gcc -Wall -g2 -gstabs -O0 -fpack-struct -fshort-enums -ffunction-sections -fdata-sections -std=gnu99 -funsigned-char -funsigned-bitfields -mmcu=atmega16 -DF_CPU=8000000UL -MMD -MP -MF"keypad.d" -MT"keypad.o" -c -o "keypad.o" "../keypad.c"
In file included from ../micro_config.h:22,
                 from ../keypad.h:16,
                 from ../keypad.c:12:
c:/winavr-20100110/lib/gcc/../../avr/include/util/delay.h:90:3: warning: #warning "Compiler optimizations disabled; functions from <util/delay.h> won't work as designed"
Finished building: ../keypad.c
 
Building file: ../lcd.c
Invoking: AVR Compiler
avr-gcc -Wall -g2 -gstabs -O0 -fpack-struct -fshort-enums -ffunction-sections -fdata-sections -std=gnu99 -funsigned-char -funsigned-bitfields -mmcu=atmega16 -DF_CPU=8000000UL -MMD -MP -MF"lcd.d" -MT"lcd.o" -c -o "lcd.o" "../lcd.c"
In file included from ../micro_config.h:22,
                 from ../lcd.h:18,
                 from ../lcd.c:12:
c:/winavr-20100110/lib/gcc/../../avr/include/util/delay.h:90:3: warning: #warning "Compiler optimizations disabled; functions from <util/delay.h> won't work as designed"
../lcd.c: In function 'LCD_intgerToString':
../lcd.c:167: warning: implicit declaration of function 'itoa'
Finished building: ../lcd.c
 
Building file: ../uart.c
Invoking: AVR Compiler
avr-gcc -Wall -g2 -gstabs -O0 -fpack-struct -fshort-enums -ffunction-sections -fdata-sections -std=gnu99 -funsigned-char -funsigned-bitfields -mmcu=atmega16 -DF_CPU=8000000UL -MMD -MP -MF"uart.d" -MT"uart.o" -c -o "uart.o" "../uart.c"
In file included from ../micro_config.h:22,
                 from ../uart.h:16,
                 from ../uart.c:13:
c:/winavr-20100110/lib/gcc/../../avr/include/util/delay.h:90:3: warning: #warning "Compiler optimizations disabled; functions from <util/delay.h> won't work as designed"
In file included from ../uart.c:13:
../uart.h:41: warning: no semicolon at end of struct or union
Finished building: ../uart.c
 
Building target: HMI.elf
Invoking: AVR C Linker
avr-gcc -Wl,-Map,HMI.map -mmcu=atmega16 -o "HMI.elf"  ./HMI.o ./keypad.o ./lcd.o ./uart.o   
Finished building target: HMI.elf
 
Invoking: AVR Create Extended Listing
avr-objdump -h -S HMI.elf  >"HMI.lss"
Finished building: HMI.lss
 
Invoking: Print Size
avr-size --format=avr --mcu=atmega16 HMI.elf
AVR Memory Usage
----------------
Device: atmega16

Program:   11882 bytes (72.5% Full)
(.text + .data + .bootloader)

Data:        214 bytes (20.9% Full)
(.data + .bss + .noinit)


Finished building: sizedummy
 
20:57:29 **** Incremental Build of configuration Debug for project Control_M2 ****
make all 
Building file: ../Control_M2.c
Invoking: AVR Compiler
avr-gcc -Wall -g2 -gstabs -O0 -fpack-struct -fshort-enums -ffunction-sections -fdata-sections -std=gnu99 -funsigned-char -funsigned-bitfields -mmcu=atmega16 -DF_CPU=1000000UL -MMD -MP -MF"Control_M2.d" -MT"Control_M2.o" -c -o "Control_M2.o" "../Control_M2.c"
../Control_M2.c:11:1: warning: "F_CPU" redefined
<command-line>: warning: this is the location of the previous definition
In file included from ../micro_config.h:21,
                 from ../uart.h:16,
                 from ../Control_M2.c:13:
c:/winavr-20100110/lib/gcc/../../avr/include/util/delay.h:90:3: warning: #warning "Compiler optimizations disabled; functions from <util/delay.h> won't work as designed"
../Control_M2.c: In function 'main':
../Control_M2.c:80: warning: passing argument 2 of 'EEPROM_readByte' makes pointer from integer without a cast
Finished building: ../Control_M2.c
 
Building file: ../external_eeprom.c
Invoking: AVR Compiler
avr-gcc -Wall -g2 -gstabs -O0 -fpack-struct -fshort-enums -ffunction-sections -fdata-sections -std=gnu99 -funsigned-char -funsigned-bitfields -mmcu=atmega16 -DF_CPU=1000000UL -MMD -MP -MF"external_eeprom.d" -MT"external_eeprom.o" -c -o "external_eeprom.o" "../external_eeprom.c"
In file included from ../micro_config.h:21,
                 from ../i2c.h:12,
                 from ../external_eeprom.c:9:
c:/winavr-20100110/lib/gcc/../../avr/include/util/delay.h:90:3: warning: #warning "Compiler optimizations disabled; functions from <util/delay.h> won't work as designed"
Finished building: ../external_eeprom.c
 
Building file: ../i2c.c
Invoking: AVR Compiler
avr-gcc -Wall -g2 -gstabs -O0 -fpack-struct -fshort-enums -ffunction-sections -fdata-sections -std=gnu99 -funsigned-char -funsigned-bitfields -mmcu=atmega16 -DF_CPU=1000000UL -MMD -MP -MF"i2c.d" -MT"i2c.o" -c -o "i2c.o" "../i2c.c"
In file included from ../micro_config.h:21,
                 from ../i2c.h:12,
                 from ../i2c.c:8:
c:/winavr-20100110/lib/gcc/../../avr/include/util/delay.h:90:3: warning: #warning "Compiler optimizations disabled; functions from <util/delay.h> won't work as designed"
Finished building: ../i2c.c
 
Building file: ../lcd.c
Invoking: AVR Compiler
avr-gcc -Wall -g2 -gstabs -O0 -fpack-struct -fshort-enums -ffunction-sections -fdata-sections -std=gnu99 -funsigned-char -funsigned-bitfields -mmcu=atmega16 -DF_CPU=1000000UL -MMD -MP -MF"lcd.d" -MT"lcd.o" -c -o "lcd.o" "../lcd.c"
In file included from ../micro_config.h:21,
                 from ../lcd.h:13,
                 from ../lcd.c:8:
c:/winavr-20100110/lib/gcc/../../avr/include/util/delay.h:90:3: warning: #warning "Compiler optimizations disabled; functions from <util/delay.h> won't work as designed"
../lcd.c: In function 'LCD_intgerToString':
../lcd.c:163: warning: implicit declaration of function 'itoa'
Finished building: ../lcd.c
 
Building file: ../timer.c
Invoking: AVR Compiler
avr-gcc -Wall -g2 -gstabs -O0 -fpack-struct -fshort-enums -ffunction-sections -fdata-sections -std=gnu99 -funsigned-char -funsigned-bitfields -mmcu=atmega16 -DF_CPU=1000000UL -MMD -MP -MF"timer.d" -MT"timer.o" -c -o "timer.o" "../timer.c"
In file included from ../micro_config.h:21,
                 from ../timer.h:12,
                 from ../timer.c:9:
c:/winavr-20100110/lib/gcc/../../avr/include/util/delay.h:90:3: warning: #warning "Compiler optimizations disabled; functions from <util/delay.h> won't work as designed"
../timer.c: In function 'Timer_setCallBack':
../timer.c:230: warning: function return types not compatible due to 'volatile'
../timer.c:234: warning: function return types not compatible due to 'volatile'
../timer.c:238: warning: function return types not compatible due to 'volatile'
Finished building: ../timer.c
 
Building file: ../uart.c
Invoking: AVR Compiler
avr-gcc -Wall -g2 -gstabs -O0 -fpack-struct -fshort-enums -ffunction-sections -fdata-sections -std=gnu99 -funsigned-char -funsigned-bitfields -mmcu=atmega16 -DF_CPU=1000000UL -MMD -MP -MF"uart.d" -MT"uart.o" -c -o "uart.o" "../uart.c"
../uart.c:8:1: warning: "F_CPU" redefined
<command-line>: warning: this is the location of the previous definition
In file included from ../micro_config.h:21,
                 from ../uart.h:16,
                 from ../uart.c:9:
c:/winavr-20100110/lib/gcc/../../avr/include/util/delay.h:90:3: warning: #warning "Compiler optimizations disabled; functions from <util/delay.h> won't work as designed"
Finished building: ../uart.c
 
Building target: Control_M2.elf
Invoking: AVR C Linker
avr-gcc -Wl,-Map,Control_M2.map -mmcu=atmega16 -o "Control_M2.elf"  ./Control_M2.o ./external_eeprom.o ./i2c.o ./lcd.o ./timer.o ./uart.o   
Finished building target: Control_M2.elf
 
Invoking: AVR Create Extended Listing
avr-objdump -h -S Control_M2.elf  >"Control_M2.lss"
Finished building: Control_M2.lss
 
Invoking: Print Size
avr-size --format=avr --mcu=atmega16 Control_M2.elf
AVR Memory Usage
----------------
Device: atmega16

Program:   11902 bytes (72.6% Full)
(.text + .data + .bootloader)

Data:         33 bytes (3.2% Full)
(.data + .bss + .noinit)


Finished building: sizedummy
 
20:57:32 **** Incremental Build of configuration Debug for project HMI ****
make all 
Invoking: Print Size
avr-size --format=avr --mcu=atmega16 HMI.elf
AVR Memory Usage
----------------
Device: atmega16

Program:   11882 bytes (72.5% Full)
(.text + .data + .bootloader)

Data:        214 bytes (20.9% Full)
(.data + .bss + .noinit)


Finished building: sizedummy
 
20:57:43 **** Incremental Build of configuration Debug for project Control_M2 ****
make all 
Building file: ../Control_M2.c
Invoking: AVR Compiler
avr-gcc -Wall -g2 -gstabs -O0 -fpack-struct -fshort-enums -ffunction-sections -fdata-sections -std=gnu99 -funsigned-char -funsigned-bitfields -mmcu=atmega16 -DF_CPU=1000000UL -MMD -MP -MF"Control_M2.d" -MT"Control_M2.o" -c -o "Control_M2.o" "../Control_M2.c"
../Control_M2.c:11:1: warning: "F_CPU" redefined
<command-line>: warning: this is the location of the previous definition
In file included from ../micro_config.h:21,
                 from ../uart.h:16,
                 from ../Control_M2.c:13:
c:/winavr-20100110/lib/gcc/../../avr/include/util/delay.h:90:3: warning: #warning "Compiler optimizations disabled; functions from <util/delay.h> won't work as designed"
Finished building: ../Control_M2.c
 
Building target: Control_M2.elf
Invoking: AVR C Linker
avr-gcc -Wl,-Map,Control_M2.map -mmcu=atmega16 -o "Control_M2.elf"  ./Control_M2.o ./external_eeprom.o ./i2c.o ./lcd.o ./timer.o ./uart.o   
Finished building target: Control_M2.elf
 
Invoking: AVR Create Extended Listing
avr-objdump -h -S Control_M2.elf  >"Control_M2.lss"
Finished building: Control_M2.lss
 
Invoking: Print Size
avr-size --format=avr --mcu=atmega16 Control_M2.elf
AVR Memory Usage
----------------
Device: atmega16

Program:   11894 bytes (72.6% Full)
(.text + .data + .bootloader)

Data:         33 bytes (3.2% Full)
(.data + .bss + .noinit)


Finished building: sizedummy
 
20:57:44 **** Incremental Build of configuration Debug for project HMI ****
make all 
Invoking: Print Size
avr-size --format=avr --mcu=atmega16 HMI.elf
AVR Memory Usage
----------------
Device: atmega16

Program:   11882 bytes (72.5% Full)
(.text + .data + .bootloader)

Data:        214 bytes (20.9% Full)
(.data + .bss + .noinit)


Finished building: sizedummy
 
20:59:46 **** Incremental Build of configuration Debug for project Control_M2 ****
make all 
Invoking: Print Size
avr-size --format=avr --mcu=atmega16 Control_M2.elf
AVR Memory Usage
----------------
Device: atmega16

Program:   11894 bytes (72.6% Full)
(.text + .data + .bootloader)

Data:         33 bytes (3.2% Full)
(.data + .bss + .noinit)


Finished building: sizedummy
 
20:59:47 **** Incremental Build of configuration Debug for project HMI ****
make all 
Building file: ../HMI.c
Invoking: AVR Compiler
avr-gcc -Wall -g2 -gstabs -O0 -fpack-struct -fshort-enums -ffunction-sections -fdata-sections -std=gnu99 -funsigned-char -funsigned-bitfields -mmcu=atmega16 -DF_CPU=8000000UL -MMD -MP -MF"HMI.d" -MT"HMI.o" -c -o "HMI.o" "../HMI.c"
In file included from ../micro_config.h:22,
                 from ../lcd.h:18,
                 from ../HMI.c:15:
c:/winavr-20100110/lib/gcc/../../avr/include/util/delay.h:90:3: warning: #warning "Compiler optimizations disabled; functions from <util/delay.h> won't work as designed"
In file included from ../HMI.c:16:
../uart.h:41: warning: no semicolon at end of struct or union
Finished building: ../HMI.c
 
Building target: HMI.elf
Invoking: AVR C Linker
avr-gcc -Wl,-Map,HMI.map -mmcu=atmega16 -o "HMI.elf"  ./HMI.o ./keypad.o ./lcd.o ./uart.o   
Finished building target: HMI.elf
 
Invoking: AVR Create Extended Listing
avr-objdump -h -S HMI.elf  >"HMI.lss"
Finished building: HMI.lss
 
Invoking: Print Size
avr-size --format=avr --mcu=atmega16 HMI.elf
AVR Memory Usage
----------------
Device: atmega16

Program:   11894 bytes (72.6% Full)
(.text + .data + .bootloader)

Data:        214 bytes (20.9% Full)
(.data + .bss + .noinit)


Finished building: sizedummy
 
21:00:11 **** Incremental Build of configuration Debug for project Control_M2 ****
make all 
Invoking: Print Size
avr-size --format=avr --mcu=atmega16 Control_M2.elf
AVR Memory Usage
----------------
Device: atmega16

Program:   11894 bytes (72.6% Full)
(.text + .data + .bootloader)

Data:         33 bytes (3.2% Full)
(.data + .bss + .noinit)


Finished building: sizedummy
 
21:00:11 **** Incremental Build of configuration Debug for project HMI ****
make all 
Building file: ../HMI.c
Invoking: AVR Compiler
avr-gcc -Wall -g2 -gstabs -O0 -fpack-struct -fshort-enums -ffunction-sections -fdata-sections -std=gnu99 -funsigned-char -funsigned-bitfields -mmcu=atmega16 -DF_CPU=8000000UL -MMD -MP -MF"HMI.d" -MT"HMI.o" -c -o "HMI.o" "../HMI.c"
In file included from ../micro_config.h:22,
                 from ../lcd.h:18,
                 from ../HMI.c:15:
c:/winavr-20100110/lib/gcc/../../avr/include/util/delay.h:90:3: warning: #warning "Compiler optimizations disabled; functions from <util/delay.h> won't work as designed"
In file included from ../HMI.c:16:
../uart.h:41: warning: no semicolon at end of struct or union
Finished building: ../HMI.c
 
Building target: HMI.elf
Invoking: AVR C Linker
avr-gcc -Wl,-Map,HMI.map -mmcu=atmega16 -o "HMI.elf"  ./HMI.o ./keypad.o ./lcd.o ./uart.o   
Finished building target: HMI.elf
 
Invoking: AVR Create Extended Listing
avr-objdump -h -S HMI.elf  >"HMI.lss"
Finished building: HMI.lss
 
Invoking: Print Size
avr-size --format=avr --mcu=atmega16 HMI.elf
AVR Memory Usage
----------------
Device: atmega16

Program:   11900 bytes (72.6% Full)
(.text + .data + .bootloader)

Data:        214 bytes (20.9% Full)
(.data + .bss + .noinit)


Finished building: sizedummy
 
21:00:53 **** Incremental Build of configuration Debug for project Control_M2 ****
make all 
Invoking: Print Size
avr-size --format=avr --mcu=atmega16 Control_M2.elf
AVR Memory Usage
----------------
Device: atmega16

Program:   11894 bytes (72.6% Full)
(.text + .data + .bootloader)

Data:         33 bytes (3.2% Full)
(.data + .bss + .noinit)


Finished building: sizedummy
 
21:00:53 **** Incremental Build of configuration Debug for project HMI ****
make all 
Building file: ../HMI.c
Invoking: AVR Compiler
avr-gcc -Wall -g2 -gstabs -O0 -fpack-struct -fshort-enums -ffunction-sections -fdata-sections -std=gnu99 -funsigned-char -funsigned-bitfields -mmcu=atmega16 -DF_CPU=8000000UL -MMD -MP -MF"HMI.d" -MT"HMI.o" -c -o "HMI.o" "../HMI.c"
In file included from ../micro_config.h:22,
                 from ../lcd.h:18,
                 from ../HMI.c:15:
c:/winavr-20100110/lib/gcc/../../avr/include/util/delay.h:90:3: warning: #warning "Compiler optimizations disabled; functions from <util/delay.h> won't work as designed"
In file included from ../HMI.c:16:
../uart.h:41: warning: no semicolon at end of struct or union
Finished building: ../HMI.c
 
Building target: HMI.elf
Invoking: AVR C Linker
avr-gcc -Wl,-Map,HMI.map -mmcu=atmega16 -o "HMI.elf"  ./HMI.o ./keypad.o ./lcd.o ./uart.o   
Finished building target: HMI.elf
 
Invoking: AVR Create Extended Listing
avr-objdump -h -S HMI.elf  >"HMI.lss"
Finished building: HMI.lss
 
Invoking: Print Size
avr-size --format=avr --mcu=atmega16 HMI.elf
AVR Memory Usage
----------------
Device: atmega16

Program:   11906 bytes (72.7% Full)
(.text + .data + .bootloader)

Data:        214 bytes (20.9% Full)
(.data + .bss + .noinit)


Finished building: sizedummy
 
21:01:19 **** Incremental Build of configuration Debug for project Control_M2 ****
make all 
Invoking: Print Size
avr-size --format=avr --mcu=atmega16 Control_M2.elf
AVR Memory Usage
----------------
Device: atmega16

Program:   11894 bytes (72.6% Full)
(.text + .data + .bootloader)

Data:         33 bytes (3.2% Full)
(.data + .bss + .noinit)


Finished building: sizedummy
 
21:01:20 **** Incremental Build of configuration Debug for project HMI ****
make all 
Building file: ../HMI.c
Invoking: AVR Compiler
avr-gcc -Wall -g2 -gstabs -O0 -fpack-struct -fshort-enums -ffunction-sections -fdata-sections -std=gnu99 -funsigned-char -funsigned-bitfields -mmcu=atmega16 -DF_CPU=8000000UL -MMD -MP -MF"HMI.d" -MT"HMI.o" -c -o "HMI.o" "../HMI.c"
In file included from ../micro_config.h:22,
                 from ../lcd.h:18,
                 from ../HMI.c:15:
c:/winavr-20100110/lib/gcc/../../avr/include/util/delay.h:90:3: warning: #warning "Compiler optimizations disabled; functions from <util/delay.h> won't work as designed"
In file included from ../HMI.c:16:
../uart.h:41: warning: no semicolon at end of struct or union
Finished building: ../HMI.c
 
Building target: HMI.elf
Invoking: AVR C Linker
avr-gcc -Wl,-Map,HMI.map -mmcu=atmega16 -o "HMI.elf"  ./HMI.o ./keypad.o ./lcd.o ./uart.o   
Finished building target: HMI.elf
 
Invoking: AVR Create Extended Listing
avr-objdump -h -S HMI.elf  >"HMI.lss"
Finished building: HMI.lss
 
Invoking: Print Size
avr-size --format=avr --mcu=atmega16 HMI.elf
AVR Memory Usage
----------------
Device: atmega16

Program:   12266 bytes (74.9% Full)
(.text + .data + .bootloader)

Data:        214 bytes (20.9% Full)
(.data + .bss + .noinit)


Finished building: sizedummy
 
21:02:14 **** Incremental Build of configuration Debug for project Control_M2 ****
make all 
Building file: ../Control_M2.c
Invoking: AVR Compiler
avr-gcc -Wall -g2 -gstabs -O0 -fpack-struct -fshort-enums -ffunction-sections -fdata-sections -std=gnu99 -funsigned-char -funsigned-bitfields -mmcu=atmega16 -DF_CPU=1000000UL -MMD -MP -MF"Control_M2.d" -MT"Control_M2.o" -c -o "Control_M2.o" "../Control_M2.c"
../Control_M2.c:11:1: warning: "F_CPU" redefined
<command-line>: warning: this is the location of the previous definition
In file included from ../micro_config.h:21,
                 from ../uart.h:16,
                 from ../Control_M2.c:13:
c:/winavr-20100110/lib/gcc/../../avr/include/util/delay.h:90:3: warning: #warning "Compiler optimizations disabled; functions from <util/delay.h> won't work as designed"
Finished building: ../Control_M2.c
 
Building target: Control_M2.elf
Invoking: AVR C Linker
avr-gcc -Wl,-Map,Control_M2.map -mmcu=atmega16 -o "Control_M2.elf"  ./Control_M2.o ./external_eeprom.o ./i2c.o ./lcd.o ./timer.o ./uart.o   
Finished building target: Control_M2.elf
 
Invoking: AVR Create Extended Listing
avr-objdump -h -S Control_M2.elf  >"Control_M2.lss"
Finished building: Control_M2.lss
 
Invoking: Print Size
avr-size --format=avr --mcu=atmega16 Control_M2.elf
AVR Memory Usage
----------------
Device: atmega16

Program:   12318 bytes (75.2% Full)
(.text + .data + .bootloader)

Data:         33 bytes (3.2% Full)
(.data + .bss + .noinit)


Finished building: sizedummy
 
21:02:16 **** Incremental Build of configuration Debug for project HMI ****
make all 
Invoking: Print Size
avr-size --format=avr --mcu=atmega16 HMI.elf
AVR Memory Usage
----------------
Device: atmega16

Program:   12266 bytes (74.9% Full)
(.text + .data + .bootloader)

Data:        214 bytes (20.9% Full)
(.data + .bss + .noinit)


Finished building: sizedummy
 
21:02:59 **** Incremental Build of configuration Debug for project Control_M2 ****
make all 
Building file: ../Control_M2.c
Invoking: AVR Compiler
avr-gcc -Wall -g2 -gstabs -O0 -fpack-struct -fshort-enums -ffunction-sections -fdata-sections -std=gnu99 -funsigned-char -funsigned-bitfields -mmcu=atmega16 -DF_CPU=1000000UL -MMD -MP -MF"Control_M2.d" -MT"Control_M2.o" -c -o "Control_M2.o" "../Control_M2.c"
../Control_M2.c:11:1: warning: "F_CPU" redefined
<command-line>: warning: this is the location of the previous definition
In file included from ../micro_config.h:21,
                 from ../uart.h:16,
                 from ../Control_M2.c:13:
c:/winavr-20100110/lib/gcc/../../avr/include/util/delay.h:90:3: warning: #warning "Compiler optimizations disabled; functions from <util/delay.h> won't work as designed"
Finished building: ../Control_M2.c
 
Building target: Control_M2.elf
Invoking: AVR C Linker
avr-gcc -Wl,-Map,Control_M2.map -mmcu=atmega16 -o "Control_M2.elf"  ./Control_M2.o ./external_eeprom.o ./i2c.o ./lcd.o ./timer.o ./uart.o   
Finished building target: Control_M2.elf
 
Invoking: AVR Create Extended Listing
avr-objdump -h -S Control_M2.elf  >"Control_M2.lss"
Finished building: Control_M2.lss
 
Invoking: Print Size
avr-size --format=avr --mcu=atmega16 Control_M2.elf
AVR Memory Usage
----------------
Device: atmega16

Program:   12320 bytes (75.2% Full)
(.text + .data + .bootloader)

Data:         33 bytes (3.2% Full)
(.data + .bss + .noinit)


Finished building: sizedummy
 
21:03:00 **** Incremental Build of configuration Debug for project HMI ****
make all 
Invoking: Print Size
avr-size --format=avr --mcu=atmega16 HMI.elf
AVR Memory Usage
----------------
Device: atmega16

Program:   12266 bytes (74.9% Full)
(.text + .data + .bootloader)

Data:        214 bytes (20.9% Full)
(.data + .bss + .noinit)


Finished building: sizedummy
 
21:03:32 **** Incremental Build of configuration Debug for project Control_M2 ****
make all 
Building file: ../Control_M2.c
Invoking: AVR Compiler
avr-gcc -Wall -g2 -gstabs -O0 -fpack-struct -fshort-enums -ffunction-sections -fdata-sections -std=gnu99 -funsigned-char -funsigned-bitfields -mmcu=atmega16 -DF_CPU=1000000UL -MMD -MP -MF"Control_M2.d" -MT"Control_M2.o" -c -o "Control_M2.o" "../Control_M2.c"
../Control_M2.c:11:1: warning: "F_CPU" redefined
<command-line>: warning: this is the location of the previous definition
In file included from ../micro_config.h:21,
                 from ../uart.h:16,
                 from ../Control_M2.c:13:
c:/winavr-20100110/lib/gcc/../../avr/include/util/delay.h:90:3: warning: #warning "Compiler optimizations disabled; functions from <util/delay.h> won't work as designed"
Finished building: ../Control_M2.c
 
Building target: Control_M2.elf
Invoking: AVR C Linker
avr-gcc -Wl,-Map,Control_M2.map -mmcu=atmega16 -o "Control_M2.elf"  ./Control_M2.o ./external_eeprom.o ./i2c.o ./lcd.o ./timer.o ./uart.o   
Finished building target: Control_M2.elf
 
Invoking: AVR Create Extended Listing
avr-objdump -h -S Control_M2.elf  >"Control_M2.lss"
Finished building: Control_M2.lss
 
Invoking: Print Size
avr-size --format=avr --mcu=atmega16 Control_M2.elf
AVR Memory Usage
----------------
Device: atmega16

Program:   12320 bytes (75.2% Full)
(.text + .data + .bootloader)

Data:         33 bytes (3.2% Full)
(.data + .bss + .noinit)


Finished building: sizedummy
 
21:03:34 **** Incremental Build of configuration Debug for project HMI ****
make all 
Invoking: Print Size
avr-size --format=avr --mcu=atmega16 HMI.elf
AVR Memory Usage
----------------
Device: atmega16

Program:   12266 bytes (74.9% Full)
(.text + .data + .bootloader)

Data:        214 bytes (20.9% Full)
(.data + .bss + .noinit)


Finished building: sizedummy
 
21:04:00 **** Incremental Build of configuration Debug for project Control_M2 ****
make all 
Building file: ../Control_M2.c
Invoking: AVR Compiler
avr-gcc -Wall -g2 -gstabs -O0 -fpack-struct -fshort-enums -ffunction-sections -fdata-sections -std=gnu99 -funsigned-char -funsigned-bitfields -mmcu=atmega16 -DF_CPU=1000000UL -MMD -MP -MF"Control_M2.d" -MT"Control_M2.o" -c -o "Control_M2.o" "../Control_M2.c"
../Control_M2.c:11:1: warning: "F_CPU" redefined
<command-line>: warning: this is the location of the previous definition
In file included from ../micro_config.h:21,
                 from ../uart.h:16,
                 from ../Control_M2.c:13:
c:/winavr-20100110/lib/gcc/../../avr/include/util/delay.h:90:3: warning: #warning "Compiler optimizations disabled; functions from <util/delay.h> won't work as designed"
Finished building: ../Control_M2.c
 
Building target: Control_M2.elf
Invoking: AVR C Linker
avr-gcc -Wl,-Map,Control_M2.map -mmcu=atmega16 -o "Control_M2.elf"  ./Control_M2.o ./external_eeprom.o ./i2c.o ./lcd.o ./timer.o ./uart.o   
Finished building target: Control_M2.elf
 
Invoking: AVR Create Extended Listing
avr-objdump -h -S Control_M2.elf  >"Control_M2.lss"
Finished building: Control_M2.lss
 
Invoking: Print Size
avr-size --format=avr --mcu=atmega16 Control_M2.elf
AVR Memory Usage
----------------
Device: atmega16

Program:   12336 bytes (75.3% Full)
(.text + .data + .bootloader)

Data:         33 bytes (3.2% Full)
(.data + .bss + .noinit)


Finished building: sizedummy
 
21:04:02 **** Incremental Build of configuration Debug for project HMI ****
make all 
Invoking: Print Size
avr-size --format=avr --mcu=atmega16 HMI.elf
AVR Memory Usage
----------------
Device: atmega16

Program:   12266 bytes (74.9% Full)
(.text + .data + .bootloader)

Data:        214 bytes (20.9% Full)
(.data + .bss + .noinit)


Finished building: sizedummy
 
21:05:17 **** Incremental Build of configuration Debug for project Control_M2 ****
make all 
Building file: ../Control_M2.c
Invoking: AVR Compiler
avr-gcc -Wall -g2 -gstabs -O0 -fpack-struct -fshort-enums -ffunction-sections -fdata-sections -std=gnu99 -funsigned-char -funsigned-bitfields -mmcu=atmega16 -DF_CPU=1000000UL -MMD -MP -MF"Control_M2.d" -MT"Control_M2.o" -c -o "Control_M2.o" "../Control_M2.c"
../Control_M2.c:11:1: warning: "F_CPU" redefined
<command-line>: warning: this is the location of the previous definition
In file included from ../micro_config.h:21,
                 from ../uart.h:16,
                 from ../Control_M2.c:13:
c:/winavr-20100110/lib/gcc/../../avr/include/util/delay.h:90:3: warning: #warning "Compiler optimizations disabled; functions from <util/delay.h> won't work as designed"
Finished building: ../Control_M2.c
 
Building target: Control_M2.elf
Invoking: AVR C Linker
avr-gcc -Wl,-Map,Control_M2.map -mmcu=atmega16 -o "Control_M2.elf"  ./Control_M2.o ./external_eeprom.o ./i2c.o ./lcd.o ./timer.o ./uart.o   
Finished building target: Control_M2.elf
 
Invoking: AVR Create Extended Listing
avr-objdump -h -S Control_M2.elf  >"Control_M2.lss"
Finished building: Control_M2.lss
 
Invoking: Print Size
avr-size --format=avr --mcu=atmega16 Control_M2.elf
AVR Memory Usage
----------------
Device: atmega16

Program:   12336 bytes (75.3% Full)
(.text + .data + .bootloader)

Data:         33 bytes (3.2% Full)
(.data + .bss + .noinit)


Finished building: sizedummy
 
21:05:18 **** Incremental Build of configuration Debug for project HMI ****
make all 
Invoking: Print Size
avr-size --format=avr --mcu=atmega16 HMI.elf
AVR Memory Usage
----------------
Device: atmega16

Program:   12266 bytes (74.9% Full)
(.text + .data + .bootloader)

Data:        214 bytes (20.9% Full)
(.data + .bss + .noinit)


Finished building: sizedummy
 
21:05:52 **** Incremental Build of configuration Debug for project Control_M2 ****
make all 
Building file: ../Control_M2.c
Invoking: AVR Compiler
avr-gcc -Wall -g2 -gstabs -O0 -fpack-struct -fshort-enums -ffunction-sections -fdata-sections -std=gnu99 -funsigned-char -funsigned-bitfields -mmcu=atmega16 -DF_CPU=1000000UL -MMD -MP -MF"Control_M2.d" -MT"Control_M2.o" -c -o "Control_M2.o" "../Control_M2.c"
../Control_M2.c:11:1: warning: "F_CPU" redefined
<command-line>: warning: this is the location of the previous definition
In file included from ../micro_config.h:21,
                 from ../uart.h:16,
                 from ../Control_M2.c:13:
c:/winavr-20100110/lib/gcc/../../avr/include/util/delay.h:90:3: warning: #warning "Compiler optimizations disabled; functions from <util/delay.h> won't work as designed"
Finished building: ../Control_M2.c
 
Building target: Control_M2.elf
Invoking: AVR C Linker
avr-gcc -Wl,-Map,Control_M2.map -mmcu=atmega16 -o "Control_M2.elf"  ./Control_M2.o ./external_eeprom.o ./i2c.o ./lcd.o ./timer.o ./uart.o   
Finished building target: Control_M2.elf
 
Invoking: AVR Create Extended Listing
avr-objdump -h -S Control_M2.elf  >"Control_M2.lss"
Finished building: Control_M2.lss
 
Invoking: Print Size
avr-size --format=avr --mcu=atmega16 Control_M2.elf
AVR Memory Usage
----------------
Device: atmega16

Program:   12324 bytes (75.2% Full)
(.text + .data + .bootloader)

Data:         33 bytes (3.2% Full)
(.data + .bss + .noinit)


Finished building: sizedummy
 
21:05:54 **** Incremental Build of configuration Debug for project HMI ****
make all 
Invoking: Print Size
avr-size --format=avr --mcu=atmega16 HMI.elf
AVR Memory Usage
----------------
Device: atmega16

Program:   12266 bytes (74.9% Full)
(.text + .data + .bootloader)

Data:        214 bytes (20.9% Full)
(.data + .bss + .noinit)


Finished building: sizedummy
 
21:06:49 **** Incremental Build of configuration Debug for project Control_M2 ****
make all 
Building file: ../Control_M2.c
Invoking: AVR Compiler
avr-gcc -Wall -g2 -gstabs -O0 -fpack-struct -fshort-enums -ffunction-sections -fdata-sections -std=gnu99 -funsigned-char -funsigned-bitfields -mmcu=atmega16 -DF_CPU=1000000UL -MMD -MP -MF"Control_M2.d" -MT"Control_M2.o" -c -o "Control_M2.o" "../Control_M2.c"
../Control_M2.c:11:1: warning: "F_CPU" redefined
<command-line>: warning: this is the location of the previous definition
In file included from ../micro_config.h:21,
                 from ../uart.h:16,
                 from ../Control_M2.c:13:
c:/winavr-20100110/lib/gcc/../../avr/include/util/delay.h:90:3: warning: #warning "Compiler optimizations disabled; functions from <util/delay.h> won't work as designed"
Finished building: ../Control_M2.c
 
Building target: Control_M2.elf
Invoking: AVR C Linker
avr-gcc -Wl,-Map,Control_M2.map -mmcu=atmega16 -o "Control_M2.elf"  ./Control_M2.o ./external_eeprom.o ./i2c.o ./lcd.o ./timer.o ./uart.o   
Finished building target: Control_M2.elf
 
Invoking: AVR Create Extended Listing
avr-objdump -h -S Control_M2.elf  >"Control_M2.lss"
Finished building: Control_M2.lss
 
Invoking: Print Size
avr-size --format=avr --mcu=atmega16 Control_M2.elf
AVR Memory Usage
----------------
Device: atmega16

Program:   12332 bytes (75.3% Full)
(.text + .data + .bootloader)

Data:         33 bytes (3.2% Full)
(.data + .bss + .noinit)


Finished building: sizedummy
 
21:06:50 **** Incremental Build of configuration Debug for project HMI ****
make all 
Invoking: Print Size
avr-size --format=avr --mcu=atmega16 HMI.elf
AVR Memory Usage
----------------
Device: atmega16

Program:   12266 bytes (74.9% Full)
(.text + .data + .bootloader)

Data:        214 bytes (20.9% Full)
(.data + .bss + .noinit)


Finished building: sizedummy
 
21:07:22 **** Incremental Build of configuration Debug for project Control_M2 ****
make all 
Invoking: Print Size
avr-size --format=avr --mcu=atmega16 Control_M2.elf
AVR Memory Usage
----------------
Device: atmega16

Program:   12332 bytes (75.3% Full)
(.text + .data + .bootloader)

Data:         33 bytes (3.2% Full)
(.data + .bss + .noinit)


Finished building: sizedummy
 
21:07:23 **** Incremental Build of configuration Debug for project HMI ****
make all 
Building file: ../HMI.c
Invoking: AVR Compiler
avr-gcc -Wall -g2 -gstabs -O0 -fpack-struct -fshort-enums -ffunction-sections -fdata-sections -std=gnu99 -funsigned-char -funsigned-bitfields -mmcu=atmega16 -DF_CPU=8000000UL -MMD -MP -MF"HMI.d" -MT"HMI.o" -c -o "HMI.o" "../HMI.c"
In file included from ../micro_config.h:22,
                 from ../lcd.h:18,
                 from ../HMI.c:15:
c:/winavr-20100110/lib/gcc/../../avr/include/util/delay.h:90:3: warning: #warning "Compiler optimizations disabled; functions from <util/delay.h> won't work as designed"
In file included from ../HMI.c:16:
../uart.h:41: warning: no semicolon at end of struct or union
Finished building: ../HMI.c
 
Building target: HMI.elf
Invoking: AVR C Linker
avr-gcc -Wl,-Map,HMI.map -mmcu=atmega16 -o "HMI.elf"  ./HMI.o ./keypad.o ./lcd.o ./uart.o   
Finished building target: HMI.elf
 
Invoking: AVR Create Extended Listing
avr-objdump -h -S HMI.elf  >"HMI.lss"
Finished building: HMI.lss
 
Invoking: Print Size
avr-size --format=avr --mcu=atmega16 HMI.elf
AVR Memory Usage
----------------
Device: atmega16

Program:   11894 bytes (72.6% Full)
(.text + .data + .bootloader)

Data:        214 bytes (20.9% Full)
(.data + .bss + .noinit)


Finished building: sizedummy
 
21:07:49 **** Incremental Build of configuration Debug for project Control_M2 ****
make all 
Invoking: Print Size
avr-size --format=avr --mcu=atmega16 Control_M2.elf
AVR Memory Usage
----------------
Device: atmega16

Program:   12332 bytes (75.3% Full)
(.text + .data + .bootloader)

Data:         33 bytes (3.2% Full)
(.data + .bss + .noinit)


Finished building: sizedummy
 
21:07:49 **** Incremental Build of configuration Debug for project HMI ****
make all 
Building file: ../HMI.c
Invoking: AVR Compiler
avr-gcc -Wall -g2 -gstabs -O0 -fpack-struct -fshort-enums -ffunction-sections -fdata-sections -std=gnu99 -funsigned-char -funsigned-bitfields -mmcu=atmega16 -DF_CPU=8000000UL -MMD -MP -MF"HMI.d" -MT"HMI.o" -c -o "HMI.o" "../HMI.c"
In file included from ../micro_config.h:22,
                 from ../lcd.h:18,
                 from ../HMI.c:15:
c:/winavr-20100110/lib/gcc/../../avr/include/util/delay.h:90:3: warning: #warning "Compiler optimizations disabled; functions from <util/delay.h> won't work as designed"
In file included from ../HMI.c:16:
../uart.h:41: warning: no semicolon at end of struct or union
Finished building: ../HMI.c
 
Building target: HMI.elf
Invoking: AVR C Linker
avr-gcc -Wl,-Map,HMI.map -mmcu=atmega16 -o "HMI.elf"  ./HMI.o ./keypad.o ./lcd.o ./uart.o   
Finished building target: HMI.elf
 
Invoking: AVR Create Extended Listing
avr-objdump -h -S HMI.elf  >"HMI.lss"
Finished building: HMI.lss
 
Invoking: Print Size
avr-size --format=avr --mcu=atmega16 HMI.elf
AVR Memory Usage
----------------
Device: atmega16

Program:   12266 bytes (74.9% Full)
(.text + .data + .bootloader)

Data:        214 bytes (20.9% Full)
(.data + .bss + .noinit)


Finished building: sizedummy
 
21:08:38 **** Incremental Build of configuration Debug for project Control_M2 ****
make all 
Building file: ../Control_M2.c
Invoking: AVR Compiler
avr-gcc -Wall -g2 -gstabs -O0 -fpack-struct -fshort-enums -ffunction-sections -fdata-sections -std=gnu99 -funsigned-char -funsigned-bitfields -mmcu=atmega16 -DF_CPU=1000000UL -MMD -MP -MF"Control_M2.d" -MT"Control_M2.o" -c -o "Control_M2.o" "../Control_M2.c"
../Control_M2.c:11:1: warning: "F_CPU" redefined
<command-line>: warning: this is the location of the previous definition
In file included from ../micro_config.h:21,
                 from ../uart.h:16,
                 from ../Control_M2.c:13:
c:/winavr-20100110/lib/gcc/../../avr/include/util/delay.h:90:3: warning: #warning "Compiler optimizations disabled; functions from <util/delay.h> won't work as designed"
Finished building: ../Control_M2.c
 
Building target: Control_M2.elf
Invoking: AVR C Linker
avr-gcc -Wl,-Map,Control_M2.map -mmcu=atmega16 -o "Control_M2.elf"  ./Control_M2.o ./external_eeprom.o ./i2c.o ./lcd.o ./timer.o ./uart.o   
Finished building target: Control_M2.elf
 
Invoking: AVR Create Extended Listing
avr-objdump -h -S Control_M2.elf  >"Control_M2.lss"
Finished building: Control_M2.lss
 
Invoking: Print Size
avr-size --format=avr --mcu=atmega16 Control_M2.elf
AVR Memory Usage
----------------
Device: atmega16

Program:   12316 bytes (75.2% Full)
(.text + .data + .bootloader)

Data:         33 bytes (3.2% Full)
(.data + .bss + .noinit)


Finished building: sizedummy
 
21:08:39 **** Incremental Build of configuration Debug for project HMI ****
make all 
Invoking: Print Size
avr-size --format=avr --mcu=atmega16 HMI.elf
AVR Memory Usage
----------------
Device: atmega16

Program:   12266 bytes (74.9% Full)
(.text + .data + .bootloader)

Data:        214 bytes (20.9% Full)
(.data + .bss + .noinit)


Finished building: sizedummy
 
21:09:33 **** Incremental Build of configuration Debug for project Control_M2 ****
make all 
Building file: ../Control_M2.c
Invoking: AVR Compiler
avr-gcc -Wall -g2 -gstabs -O0 -fpack-struct -fshort-enums -ffunction-sections -fdata-sections -std=gnu99 -funsigned-char -funsigned-bitfields -mmcu=atmega16 -DF_CPU=1000000UL -MMD -MP -MF"Control_M2.d" -MT"Control_M2.o" -c -o "Control_M2.o" "../Control_M2.c"
../Control_M2.c:11:1: warning: "F_CPU" redefined
<command-line>: warning: this is the location of the previous definition
In file included from ../micro_config.h:21,
                 from ../uart.h:16,
                 from ../Control_M2.c:13:
c:/winavr-20100110/lib/gcc/../../avr/include/util/delay.h:90:3: warning: #warning "Compiler optimizations disabled; functions from <util/delay.h> won't work as designed"
Finished building: ../Control_M2.c
 
Building target: Control_M2.elf
Invoking: AVR C Linker
avr-gcc -Wl,-Map,Control_M2.map -mmcu=atmega16 -o "Control_M2.elf"  ./Control_M2.o ./external_eeprom.o ./i2c.o ./lcd.o ./timer.o ./uart.o   
Finished building target: Control_M2.elf
 
Invoking: AVR Create Extended Listing
avr-objdump -h -S Control_M2.elf  >"Control_M2.lss"
Finished building: Control_M2.lss
 
Invoking: Print Size
avr-size --format=avr --mcu=atmega16 Control_M2.elf
AVR Memory Usage
----------------
Device: atmega16

Program:   12316 bytes (75.2% Full)
(.text + .data + .bootloader)

Data:         33 bytes (3.2% Full)
(.data + .bss + .noinit)


Finished building: sizedummy
 
21:09:34 **** Incremental Build of configuration Debug for project HMI ****
make all 
Invoking: Print Size
avr-size --format=avr --mcu=atmega16 HMI.elf
AVR Memory Usage
----------------
Device: atmega16

Program:   12266 bytes (74.9% Full)
(.text + .data + .bootloader)

Data:        214 bytes (20.9% Full)
(.data + .bss + .noinit)


Finished building: sizedummy
 
21:09:54 **** Incremental Build of configuration Debug for project Control_M2 ****
make all 
Building file: ../Control_M2.c
Invoking: AVR Compiler
avr-gcc -Wall -g2 -gstabs -O0 -fpack-struct -fshort-enums -ffunction-sections -fdata-sections -std=gnu99 -funsigned-char -funsigned-bitfields -mmcu=atmega16 -DF_CPU=1000000UL -MMD -MP -MF"Control_M2.d" -MT"Control_M2.o" -c -o "Control_M2.o" "../Control_M2.c"
../Control_M2.c:11:1: warning: "F_CPU" redefined
<command-line>: warning: this is the location of the previous definition
In file included from ../micro_config.h:21,
                 from ../uart.h:16,
                 from ../Control_M2.c:13:
c:/winavr-20100110/lib/gcc/../../avr/include/util/delay.h:90:3: warning: #warning "Compiler optimizations disabled; functions from <util/delay.h> won't work as designed"
Finished building: ../Control_M2.c
 
Building target: Control_M2.elf
Invoking: AVR C Linker
avr-gcc -Wl,-Map,Control_M2.map -mmcu=atmega16 -o "Control_M2.elf"  ./Control_M2.o ./external_eeprom.o ./i2c.o ./lcd.o ./timer.o ./uart.o   
Finished building target: Control_M2.elf
 
Invoking: AVR Create Extended Listing
avr-objdump -h -S Control_M2.elf  >"Control_M2.lss"
Finished building: Control_M2.lss
 
Invoking: Print Size
avr-size --format=avr --mcu=atmega16 Control_M2.elf
AVR Memory Usage
----------------
Device: atmega16

Program:   12316 bytes (75.2% Full)
(.text + .data + .bootloader)

Data:         33 bytes (3.2% Full)
(.data + .bss + .noinit)


Finished building: sizedummy
 
21:09:55 **** Incremental Build of configuration Debug for project HMI ****
make all 
Invoking: Print Size
avr-size --format=avr --mcu=atmega16 HMI.elf
AVR Memory Usage
----------------
Device: atmega16

Program:   12266 bytes (74.9% Full)
(.text + .data + .bootloader)

Data:        214 bytes (20.9% Full)
(.data + .bss + .noinit)


Finished building: sizedummy
 
21:12:20 **** Incremental Build of configuration Debug for project Control_M2 ****
make all 
Building file: ../Control_M2.c
Invoking: AVR Compiler
avr-gcc -Wall -g2 -gstabs -O0 -fpack-struct -fshort-enums -ffunction-sections -fdata-sections -std=gnu99 -funsigned-char -funsigned-bitfields -mmcu=atmega16 -DF_CPU=1000000UL -MMD -MP -MF"Control_M2.d" -MT"Control_M2.o" -c -o "Control_M2.o" "../Control_M2.c"
../Control_M2.c:11:1: warning: "F_CPU" redefined
<command-line>: warning: this is the location of the previous definition
In file included from ../micro_config.h:21,
                 from ../uart.h:16,
                 from ../Control_M2.c:13:
c:/winavr-20100110/lib/gcc/../../avr/include/util/delay.h:90:3: warning: #warning "Compiler optimizations disabled; functions from <util/delay.h> won't work as designed"
Finished building: ../Control_M2.c
 
Building target: Control_M2.elf
Invoking: AVR C Linker
avr-gcc -Wl,-Map,Control_M2.map -mmcu=atmega16 -o "Control_M2.elf"  ./Control_M2.o ./external_eeprom.o ./i2c.o ./lcd.o ./timer.o ./uart.o   
Finished building target: Control_M2.elf
 
Invoking: AVR Create Extended Listing
avr-objdump -h -S Control_M2.elf  >"Control_M2.lss"
Finished building: Control_M2.lss
 
Invoking: Print Size
avr-size --format=avr --mcu=atmega16 Control_M2.elf
AVR Memory Usage
----------------
Device: atmega16

Program:   12316 bytes (75.2% Full)
(.text + .data + .bootloader)

Data:         33 bytes (3.2% Full)
(.data + .bss + .noinit)


Finished building: sizedummy
 
21:12:21 **** Incremental Build of configuration Debug for project HMI ****
make all 
Invoking: Print Size
avr-size --format=avr --mcu=atmega16 HMI.elf
AVR Memory Usage
----------------
Device: atmega16

Program:   12266 bytes (74.9% Full)
(.text + .data + .bootloader)

Data:        214 bytes (20.9% Full)
(.data + .bss + .noinit)


Finished building: sizedummy
 
21:18:46 **** Incremental Build of configuration Debug for project Control_M2 ****
make all 
Building file: ../Control_M2.c
Invoking: AVR Compiler
avr-gcc -Wall -g2 -gstabs -O0 -fpack-struct -fshort-enums -ffunction-sections -fdata-sections -std=gnu99 -funsigned-char -funsigned-bitfields -mmcu=atmega16 -DF_CPU=1000000UL -MMD -MP -MF"Control_M2.d" -MT"Control_M2.o" -c -o "Control_M2.o" "../Control_M2.c"
../Control_M2.c:11:1: warning: "F_CPU" redefined
<command-line>: warning: this is the location of the previous definition
In file included from ../micro_config.h:21,
                 from ../uart.h:16,
                 from ../Control_M2.c:13:
c:/winavr-20100110/lib/gcc/../../avr/include/util/delay.h:90:3: warning: #warning "Compiler optimizations disabled; functions from <util/delay.h> won't work as designed"
Finished building: ../Control_M2.c
 
Building target: Control_M2.elf
Invoking: AVR C Linker
avr-gcc -Wl,-Map,Control_M2.map -mmcu=atmega16 -o "Control_M2.elf"  ./Control_M2.o ./external_eeprom.o ./i2c.o ./lcd.o ./timer.o ./uart.o   
Finished building target: Control_M2.elf
 
Invoking: AVR Create Extended Listing
avr-objdump -h -S Control_M2.elf  >"Control_M2.lss"
Finished building: Control_M2.lss
 
Invoking: Print Size
avr-size --format=avr --mcu=atmega16 Control_M2.elf
AVR Memory Usage
----------------
Device: atmega16

Program:   11892 bytes (72.6% Full)
(.text + .data + .bootloader)

Data:         33 bytes (3.2% Full)
(.data + .bss + .noinit)


Finished building: sizedummy
 
21:18:47 **** Incremental Build of configuration Debug for project HMI ****
make all 
Invoking: Print Size
avr-size --format=avr --mcu=atmega16 HMI.elf
AVR Memory Usage
----------------
Device: atmega16

Program:   12266 bytes (74.9% Full)
(.text + .data + .bootloader)

Data:        214 bytes (20.9% Full)
(.data + .bss + .noinit)


Finished building: sizedummy
 
21:19:03 **** Incremental Build of configuration Debug for project Control_M2 ****
make all 
Invoking: Print Size
avr-size --format=avr --mcu=atmega16 Control_M2.elf
AVR Memory Usage
----------------
Device: atmega16

Program:   11892 bytes (72.6% Full)
(.text + .data + .bootloader)

Data:         33 bytes (3.2% Full)
(.data + .bss + .noinit)


Finished building: sizedummy
 
21:19:03 **** Incremental Build of configuration Debug for project HMI ****
make all 
Building file: ../HMI.c
Invoking: AVR Compiler
avr-gcc -Wall -g2 -gstabs -O0 -fpack-struct -fshort-enums -ffunction-sections -fdata-sections -std=gnu99 -funsigned-char -funsigned-bitfields -mmcu=atmega16 -DF_CPU=8000000UL -MMD -MP -MF"HMI.d" -MT"HMI.o" -c -o "HMI.o" "../HMI.c"
In file included from ../micro_config.h:22,
                 from ../lcd.h:18,
                 from ../HMI.c:15:
c:/winavr-20100110/lib/gcc/../../avr/include/util/delay.h:90:3: warning: #warning "Compiler optimizations disabled; functions from <util/delay.h> won't work as designed"
In file included from ../HMI.c:16:
../uart.h:41: warning: no semicolon at end of struct or union
Finished building: ../HMI.c
 
Building target: HMI.elf
Invoking: AVR C Linker
avr-gcc -Wl,-Map,HMI.map -mmcu=atmega16 -o "HMI.elf"  ./HMI.o ./keypad.o ./lcd.o ./uart.o   
Finished building target: HMI.elf
 
Invoking: AVR Create Extended Listing
avr-objdump -h -S HMI.elf  >"HMI.lss"
Finished building: HMI.lss
 
Invoking: Print Size
avr-size --format=avr --mcu=atmega16 HMI.elf
AVR Memory Usage
----------------
Device: atmega16

Program:   11894 bytes (72.6% Full)
(.text + .data + .bootloader)

Data:        214 bytes (20.9% Full)
(.data + .bss + .noinit)


Finished building: sizedummy
 
21:19:17 **** Incremental Build of configuration Debug for project Control_M2 ****
make all 
Building file: ../Control_M2.c
Invoking: AVR Compiler
avr-gcc -Wall -g2 -gstabs -O0 -fpack-struct -fshort-enums -ffunction-sections -fdata-sections -std=gnu99 -funsigned-char -funsigned-bitfields -mmcu=atmega16 -DF_CPU=1000000UL -MMD -MP -MF"Control_M2.d" -MT"Control_M2.o" -c -o "Control_M2.o" "../Control_M2.c"
../Control_M2.c:11:1: warning: "F_CPU" redefined
<command-line>: warning: this is the location of the previous definition
In file included from ../micro_config.h:21,
                 from ../uart.h:16,
                 from ../Control_M2.c:13:
c:/winavr-20100110/lib/gcc/../../avr/include/util/delay.h:90:3: warning: #warning "Compiler optimizations disabled; functions from <util/delay.h> won't work as designed"
Finished building: ../Control_M2.c
 
Building target: Control_M2.elf
Invoking: AVR C Linker
avr-gcc -Wl,-Map,Control_M2.map -mmcu=atmega16 -o "Control_M2.elf"  ./Control_M2.o ./external_eeprom.o ./i2c.o ./lcd.o ./timer.o ./uart.o   
Finished building target: Control_M2.elf
 
Invoking: AVR Create Extended Listing
avr-objdump -h -S Control_M2.elf  >"Control_M2.lss"
Finished building: Control_M2.lss
 
Invoking: Print Size
avr-size --format=avr --mcu=atmega16 Control_M2.elf
AVR Memory Usage
----------------
Device: atmega16

Program:   11892 bytes (72.6% Full)
(.text + .data + .bootloader)

Data:         33 bytes (3.2% Full)
(.data + .bss + .noinit)


Finished building: sizedummy
 
21:19:18 **** Incremental Build of configuration Debug for project HMI ****
make all 
Invoking: Print Size
avr-size --format=avr --mcu=atmega16 HMI.elf
AVR Memory Usage
----------------
Device: atmega16

Program:   11894 bytes (72.6% Full)
(.text + .data + .bootloader)

Data:        214 bytes (20.9% Full)
(.data + .bss + .noinit)


Finished building: sizedummy
 
21:20:15 **** Incremental Build of configuration Debug for project Control_M2 ****
make all 
Building file: ../Control_M2.c
Invoking: AVR Compiler
avr-gcc -Wall -g2 -gstabs -O0 -fpack-struct -fshort-enums -ffunction-sections -fdata-sections -std=gnu99 -funsigned-char -funsigned-bitfields -mmcu=atmega16 -DF_CPU=1000000UL -MMD -MP -MF"Control_M2.d" -MT"Control_M2.o" -c -o "Control_M2.o" "../Control_M2.c"
../Control_M2.c:11:1: warning: "F_CPU" redefined
<command-line>: warning: this is the location of the previous definition
In file included from ../micro_config.h:21,
                 from ../uart.h:16,
                 from ../Control_M2.c:13:
c:/winavr-20100110/lib/gcc/../../avr/include/util/delay.h:90:3: warning: #warning "Compiler optimizations disabled; functions from <util/delay.h> won't work as designed"
Finished building: ../Control_M2.c
 
Building target: Control_M2.elf
Invoking: AVR C Linker
avr-gcc -Wl,-Map,Control_M2.map -mmcu=atmega16 -o "Control_M2.elf"  ./Control_M2.o ./external_eeprom.o ./i2c.o ./lcd.o ./timer.o ./uart.o   
Finished building target: Control_M2.elf
 
Invoking: AVR Create Extended Listing
avr-objdump -h -S Control_M2.elf  >"Control_M2.lss"
Finished building: Control_M2.lss
 
Invoking: Print Size
avr-size --format=avr --mcu=atmega16 Control_M2.elf
AVR Memory Usage
----------------
Device: atmega16

Program:   11892 bytes (72.6% Full)
(.text + .data + .bootloader)

Data:         33 bytes (3.2% Full)
(.data + .bss + .noinit)


Finished building: sizedummy
 
21:20:17 **** Incremental Build of configuration Debug for project HMI ****
make all 
Invoking: Print Size
avr-size --format=avr --mcu=atmega16 HMI.elf
AVR Memory Usage
----------------
Device: atmega16

Program:   11894 bytes (72.6% Full)
(.text + .data + .bootloader)

Data:        214 bytes (20.9% Full)
(.data + .bss + .noinit)


Finished building: sizedummy
 
21:20:46 **** Incremental Build of configuration Debug for project Control_M2 ****
make all 
Building file: ../Control_M2.c
Invoking: AVR Compiler
avr-gcc -Wall -g2 -gstabs -O0 -fpack-struct -fshort-enums -ffunction-sections -fdata-sections -std=gnu99 -funsigned-char -funsigned-bitfields -mmcu=atmega16 -DF_CPU=1000000UL -MMD -MP -MF"Control_M2.d" -MT"Control_M2.o" -c -o "Control_M2.o" "../Control_M2.c"
../Control_M2.c:11:1: warning: "F_CPU" redefined
<command-line>: warning: this is the location of the previous definition
In file included from ../micro_config.h:21,
                 from ../uart.h:16,
                 from ../Control_M2.c:13:
c:/winavr-20100110/lib/gcc/../../avr/include/util/delay.h:90:3: warning: #warning "Compiler optimizations disabled; functions from <util/delay.h> won't work as designed"
Finished building: ../Control_M2.c
 
Building target: Control_M2.elf
Invoking: AVR C Linker
avr-gcc -Wl,-Map,Control_M2.map -mmcu=atmega16 -o "Control_M2.elf"  ./Control_M2.o ./external_eeprom.o ./i2c.o ./lcd.o ./timer.o ./uart.o   
Finished building target: Control_M2.elf
 
Invoking: AVR Create Extended Listing
avr-objdump -h -S Control_M2.elf  >"Control_M2.lss"
Finished building: Control_M2.lss
 
Invoking: Print Size
avr-size --format=avr --mcu=atmega16 Control_M2.elf
AVR Memory Usage
----------------
Device: atmega16

Program:   11892 bytes (72.6% Full)
(.text + .data + .bootloader)

Data:         33 bytes (3.2% Full)
(.data + .bss + .noinit)


Finished building: sizedummy
 
21:20:47 **** Incremental Build of configuration Debug for project HMI ****
make all 
Invoking: Print Size
avr-size --format=avr --mcu=atmega16 HMI.elf
AVR Memory Usage
----------------
Device: atmega16

Program:   11894 bytes (72.6% Full)
(.text + .data + .bootloader)

Data:        214 bytes (20.9% Full)
(.data + .bss + .noinit)


Finished building: sizedummy
 
21:21:33 **** Incremental Build of configuration Debug for project Control_M2 ****
make all 
Building file: ../Control_M2.c
Invoking: AVR Compiler
avr-gcc -Wall -g2 -gstabs -O0 -fpack-struct -fshort-enums -ffunction-sections -fdata-sections -std=gnu99 -funsigned-char -funsigned-bitfields -mmcu=atmega16 -DF_CPU=1000000UL -MMD -MP -MF"Control_M2.d" -MT"Control_M2.o" -c -o "Control_M2.o" "../Control_M2.c"
../Control_M2.c:11:1: warning: "F_CPU" redefined
<command-line>: warning: this is the location of the previous definition
In file included from ../micro_config.h:21,
                 from ../uart.h:16,
                 from ../Control_M2.c:13:
c:/winavr-20100110/lib/gcc/../../avr/include/util/delay.h:90:3: warning: #warning "Compiler optimizations disabled; functions from <util/delay.h> won't work as designed"
Finished building: ../Control_M2.c
 
Building target: Control_M2.elf
Invoking: AVR C Linker
avr-gcc -Wl,-Map,Control_M2.map -mmcu=atmega16 -o "Control_M2.elf"  ./Control_M2.o ./external_eeprom.o ./i2c.o ./lcd.o ./timer.o ./uart.o   
Finished building target: Control_M2.elf
 
Invoking: AVR Create Extended Listing
avr-objdump -h -S Control_M2.elf  >"Control_M2.lss"
Finished building: Control_M2.lss
 
Invoking: Print Size
avr-size --format=avr --mcu=atmega16 Control_M2.elf
AVR Memory Usage
----------------
Device: atmega16

Program:   11892 bytes (72.6% Full)
(.text + .data + .bootloader)

Data:         33 bytes (3.2% Full)
(.data + .bss + .noinit)


Finished building: sizedummy
 
21:21:34 **** Incremental Build of configuration Debug for project HMI ****
make all 
Invoking: Print Size
avr-size --format=avr --mcu=atmega16 HMI.elf
AVR Memory Usage
----------------
Device: atmega16

Program:   11894 bytes (72.6% Full)
(.text + .data + .bootloader)

Data:        214 bytes (20.9% Full)
(.data + .bss + .noinit)


Finished building: sizedummy
 
21:30:30 **** Incremental Build of configuration Debug for project Control_M2 ****
make all 
Building file: ../Control_M2.c
Invoking: AVR Compiler
avr-gcc -Wall -g2 -gstabs -O0 -fpack-struct -fshort-enums -ffunction-sections -fdata-sections -std=gnu99 -funsigned-char -funsigned-bitfields -mmcu=atmega16 -DF_CPU=1000000UL -MMD -MP -MF"Control_M2.d" -MT"Control_M2.o" -c -o "Control_M2.o" "../Control_M2.c"
../Control_M2.c:11:1: warning: "F_CPU" redefined
<command-line>: warning: this is the location of the previous definition
In file included from ../micro_config.h:21,
                 from ../uart.h:16,
                 from ../Control_M2.c:13:
c:/winavr-20100110/lib/gcc/../../avr/include/util/delay.h:90:3: warning: #warning "Compiler optimizations disabled; functions from <util/delay.h> won't work as designed"
Finished building: ../Control_M2.c
 
Building file: ../timer.c
Invoking: AVR Compiler
avr-gcc -Wall -g2 -gstabs -O0 -fpack-struct -fshort-enums -ffunction-sections -fdata-sections -std=gnu99 -funsigned-char -funsigned-bitfields -mmcu=atmega16 -DF_CPU=1000000UL -MMD -MP -MF"timer.d" -MT"timer.o" -c -o "timer.o" "../timer.c"
In file included from ../micro_config.h:21,
                 from ../timer.h:12,
                 from ../timer.c:9:
c:/winavr-20100110/lib/gcc/../../avr/include/util/delay.h:90:3: warning: #warning "Compiler optimizations disabled; functions from <util/delay.h> won't work as designed"
../timer.c: In function 'Timer_setCallBack':
../timer.c:240: warning: function return types not compatible due to 'volatile'
../timer.c:244: warning: function return types not compatible due to 'volatile'
../timer.c:248: warning: function return types not compatible due to 'volatile'
Finished building: ../timer.c
 
Building target: Control_M2.elf
Invoking: AVR C Linker
avr-gcc -Wl,-Map,Control_M2.map -mmcu=atmega16 -o "Control_M2.elf"  ./Control_M2.o ./external_eeprom.o ./i2c.o ./lcd.o ./timer.o ./uart.o   
Finished building target: Control_M2.elf
 
Invoking: AVR Create Extended Listing
avr-objdump -h -S Control_M2.elf  >"Control_M2.lss"
Finished building: Control_M2.lss
 
Invoking: Print Size
avr-size --format=avr --mcu=atmega16 Control_M2.elf
AVR Memory Usage
----------------
Device: atmega16

Program:   11994 bytes (73.2% Full)
(.text + .data + .bootloader)

Data:         33 bytes (3.2% Full)
(.data + .bss + .noinit)


Finished building: sizedummy
 
21:30:32 **** Incremental Build of configuration Debug for project HMI ****
make all 
Invoking: Print Size
avr-size --format=avr --mcu=atmega16 HMI.elf
AVR Memory Usage
----------------
Device: atmega16

Program:   11894 bytes (72.6% Full)
(.text + .data + .bootloader)

Data:        214 bytes (20.9% Full)
(.data + .bss + .noinit)


Finished building: sizedummy
 
21:34:18 **** Incremental Build of configuration Debug for project Control_M2 ****
make all 
Building file: ../timer.c
Invoking: AVR Compiler
avr-gcc -Wall -g2 -gstabs -O0 -fpack-struct -fshort-enums -ffunction-sections -fdata-sections -std=gnu99 -funsigned-char -funsigned-bitfields -mmcu=atmega16 -DF_CPU=1000000UL -MMD -MP -MF"timer.d" -MT"timer.o" -c -o "timer.o" "../timer.c"
In file included from ../micro_config.h:21,
                 from ../timer.h:12,
                 from ../timer.c:9:
c:/winavr-20100110/lib/gcc/../../avr/include/util/delay.h:90:3: warning: #warning "Compiler optimizations disabled; functions from <util/delay.h> won't work as designed"
../timer.c: In function 'Timer_setCallBack':
../timer.c:250: warning: function return types not compatible due to 'volatile'
../timer.c:254: warning: function return types not compatible due to 'volatile'
../timer.c:258: warning: function return types not compatible due to 'volatile'
Finished building: ../timer.c
 
Building target: Control_M2.elf
Invoking: AVR C Linker
avr-gcc -Wl,-Map,Control_M2.map -mmcu=atmega16 -o "Control_M2.elf"  ./Control_M2.o ./external_eeprom.o ./i2c.o ./lcd.o ./timer.o ./uart.o   
Finished building target: Control_M2.elf
 
Invoking: AVR Create Extended Listing
avr-objdump -h -S Control_M2.elf  >"Control_M2.lss"
Finished building: Control_M2.lss
 
Invoking: Print Size
avr-size --format=avr --mcu=atmega16 Control_M2.elf
AVR Memory Usage
----------------
Device: atmega16

Program:   12096 bytes (73.8% Full)
(.text + .data + .bootloader)

Data:         33 bytes (3.2% Full)
(.data + .bss + .noinit)


Finished building: sizedummy
 
21:34:20 **** Incremental Build of configuration Debug for project HMI ****
make all 
Invoking: Print Size
avr-size --format=avr --mcu=atmega16 HMI.elf
AVR Memory Usage
----------------
Device: atmega16

Program:   11894 bytes (72.6% Full)
(.text + .data + .bootloader)

Data:        214 bytes (20.9% Full)
(.data + .bss + .noinit)


Finished building: sizedummy
 
21:34:52 **** Incremental Build of configuration Debug for project Control_M2 ****
make all 
Building file: ../timer.c
Invoking: AVR Compiler
avr-gcc -Wall -g2 -gstabs -O0 -fpack-struct -fshort-enums -ffunction-sections -fdata-sections -std=gnu99 -funsigned-char -funsigned-bitfields -mmcu=atmega16 -DF_CPU=1000000UL -MMD -MP -MF"timer.d" -MT"timer.o" -c -o "timer.o" "../timer.c"
In file included from ../micro_config.h:21,
                 from ../timer.h:12,
                 from ../timer.c:9:
c:/winavr-20100110/lib/gcc/../../avr/include/util/delay.h:90:3: warning: #warning "Compiler optimizations disabled; functions from <util/delay.h> won't work as designed"
../timer.c: In function 'Timer_setCallBack':
../timer.c:250: warning: function return types not compatible due to 'volatile'
../timer.c:254: warning: function return types not compatible due to 'volatile'
../timer.c:258: warning: function return types not compatible due to 'volatile'
Finished building: ../timer.c
 
Building target: Control_M2.elf
Invoking: AVR C Linker
avr-gcc -Wl,-Map,Control_M2.map -mmcu=atmega16 -o "Control_M2.elf"  ./Control_M2.o ./external_eeprom.o ./i2c.o ./lcd.o ./timer.o ./uart.o   
Finished building target: Control_M2.elf
 
Invoking: AVR Create Extended Listing
avr-objdump -h -S Control_M2.elf  >"Control_M2.lss"
Finished building: Control_M2.lss
 
Invoking: Print Size
avr-size --format=avr --mcu=atmega16 Control_M2.elf
AVR Memory Usage
----------------
Device: atmega16

Program:   12096 bytes (73.8% Full)
(.text + .data + .bootloader)

Data:         33 bytes (3.2% Full)
(.data + .bss + .noinit)


Finished building: sizedummy
 
21:34:53 **** Incremental Build of configuration Debug for project HMI ****
make all 
Invoking: Print Size
avr-size --format=avr --mcu=atmega16 HMI.elf
AVR Memory Usage
----------------
Device: atmega16

Program:   11894 bytes (72.6% Full)
(.text + .data + .bootloader)

Data:        214 bytes (20.9% Full)
(.data + .bss + .noinit)


Finished building: sizedummy
 
21:51:17 **** Incremental Build of configuration Debug for project Control_M2 ****
make all 
Building file: ../timer.c
Invoking: AVR Compiler
avr-gcc -Wall -g2 -gstabs -O0 -fpack-struct -fshort-enums -ffunction-sections -fdata-sections -std=gnu99 -funsigned-char -funsigned-bitfields -mmcu=atmega16 -DF_CPU=1000000UL -MMD -MP -MF"timer.d" -MT"timer.o" -c -o "timer.o" "../timer.c"
In file included from ../micro_config.h:21,
                 from ../timer.h:12,
                 from ../timer.c:9:
c:/winavr-20100110/lib/gcc/../../avr/include/util/delay.h:90:3: warning: #warning "Compiler optimizations disabled; functions from <util/delay.h> won't work as designed"
../timer.c: In function 'Timer_setCallBack':
../timer.c:277: warning: function return types not compatible due to 'volatile'
../timer.c:281: warning: function return types not compatible due to 'volatile'
../timer.c:285: warning: function return types not compatible due to 'volatile'
Finished building: ../timer.c
 
Building target: Control_M2.elf
Invoking: AVR C Linker
avr-gcc -Wl,-Map,Control_M2.map -mmcu=atmega16 -o "Control_M2.elf"  ./Control_M2.o ./external_eeprom.o ./i2c.o ./lcd.o ./timer.o ./uart.o   
Finished building target: Control_M2.elf
 
Invoking: AVR Create Extended Listing
avr-objdump -h -S Control_M2.elf  >"Control_M2.lss"
Finished building: Control_M2.lss
 
Invoking: Print Size
avr-size --format=avr --mcu=atmega16 Control_M2.elf
AVR Memory Usage
----------------
Device: atmega16

Program:   12018 bytes (73.4% Full)
(.text + .data + .bootloader)

Data:         33 bytes (3.2% Full)
(.data + .bss + .noinit)


Finished building: sizedummy
 
21:51:18 **** Incremental Build of configuration Debug for project HMI ****
make all 
Invoking: Print Size
avr-size --format=avr --mcu=atmega16 HMI.elf
AVR Memory Usage
----------------
Device: atmega16

Program:   11894 bytes (72.6% Full)
(.text + .data + .bootloader)

Data:        214 bytes (20.9% Full)
(.data + .bss + .noinit)


Finished building: sizedummy
 
22:02:42 **** Incremental Build of configuration Debug for project Control_M2 ****
make all 
Building file: ../Control_M2.c
Invoking: AVR Compiler
avr-gcc -Wall -g2 -gstabs -O0 -fpack-struct -fshort-enums -ffunction-sections -fdata-sections -std=gnu99 -funsigned-char -funsigned-bitfields -mmcu=atmega16 -DF_CPU=1000000UL -MMD -MP -MF"Control_M2.d" -MT"Control_M2.o" -c -o "Control_M2.o" "../Control_M2.c"
../Control_M2.c:11:1: warning: "F_CPU" redefined
<command-line>: warning: this is the location of the previous definition
In file included from ../micro_config.h:21,
                 from ../uart.h:16,
                 from ../Control_M2.c:13:
c:/winavr-20100110/lib/gcc/../../avr/include/util/delay.h:90:3: warning: #warning "Compiler optimizations disabled; functions from <util/delay.h> won't work as designed"
Finished building: ../Control_M2.c
 
Building target: Control_M2.elf
Invoking: AVR C Linker
avr-gcc -Wl,-Map,Control_M2.map -mmcu=atmega16 -o "Control_M2.elf"  ./Control_M2.o ./external_eeprom.o ./i2c.o ./lcd.o ./timer.o ./uart.o   
Finished building target: Control_M2.elf
 
Invoking: AVR Create Extended Listing
avr-objdump -h -S Control_M2.elf  >"Control_M2.lss"
Finished building: Control_M2.lss
 
Invoking: Print Size
avr-size --format=avr --mcu=atmega16 Control_M2.elf
AVR Memory Usage
----------------
Device: atmega16

Program:   12018 bytes (73.4% Full)
(.text + .data + .bootloader)

Data:         33 bytes (3.2% Full)
(.data + .bss + .noinit)


Finished building: sizedummy
 
22:02:44 **** Incremental Build of configuration Debug for project HMI ****
make all 
Invoking: Print Size
avr-size --format=avr --mcu=atmega16 HMI.elf
AVR Memory Usage
----------------
Device: atmega16

Program:   11894 bytes (72.6% Full)
(.text + .data + .bootloader)

Data:        214 bytes (20.9% Full)
(.data + .bss + .noinit)


Finished building: sizedummy
 
22:05:16 **** Incremental Build of configuration Debug for project Control_M2 ****
make all 
Invoking: Print Size
avr-size --format=avr --mcu=atmega16 Control_M2.elf
AVR Memory Usage
----------------
Device: atmega16

Program:   12018 bytes (73.4% Full)
(.text + .data + .bootloader)

Data:         33 bytes (3.2% Full)
(.data + .bss + .noinit)


Finished building: sizedummy
 
22:05:16 **** Incremental Build of configuration Debug for project HMI ****
make all 
Building file: ../HMI.c
Invoking: AVR Compiler
avr-gcc -Wall -g2 -gstabs -O0 -fpack-struct -fshort-enums -ffunction-sections -fdata-sections -std=gnu99 -funsigned-char -funsigned-bitfields -mmcu=atmega16 -DF_CPU=8000000UL -MMD -MP -MF"HMI.d" -MT"HMI.o" -c -o "HMI.o" "../HMI.c"
In file included from ../micro_config.h:22,
                 from ../lcd.h:18,
                 from ../HMI.c:15:
c:/winavr-20100110/lib/gcc/../../avr/include/util/delay.h:90:3: warning: #warning "Compiler optimizations disabled; functions from <util/delay.h> won't work as designed"
In file included from ../HMI.c:16:
../uart.h:41: warning: no semicolon at end of struct or union
Finished building: ../HMI.c
 
Building target: HMI.elf
Invoking: AVR C Linker
avr-gcc -Wl,-Map,HMI.map -mmcu=atmega16 -o "HMI.elf"  ./HMI.o ./keypad.o ./lcd.o ./uart.o   
Finished building target: HMI.elf
 
Invoking: AVR Create Extended Listing
avr-objdump -h -S HMI.elf  >"HMI.lss"
Finished building: HMI.lss
 
Invoking: Print Size
avr-size --format=avr --mcu=atmega16 HMI.elf
AVR Memory Usage
----------------
Device: atmega16

Program:   11888 bytes (72.6% Full)
(.text + .data + .bootloader)

Data:        214 bytes (20.9% Full)
(.data + .bss + .noinit)


Finished building: sizedummy
 
22:05:56 **** Incremental Build of configuration Debug for project Control_M2 ****
make all 
Building file: ../Control_M2.c
Invoking: AVR Compiler
avr-gcc -Wall -g2 -gstabs -O0 -fpack-struct -fshort-enums -ffunction-sections -fdata-sections -std=gnu99 -funsigned-char -funsigned-bitfields -mmcu=atmega16 -DF_CPU=1000000UL -MMD -MP -MF"Control_M2.d" -MT"Control_M2.o" -c -o "Control_M2.o" "../Control_M2.c"
../Control_M2.c:11:1: warning: "F_CPU" redefined
<command-line>: warning: this is the location of the previous definition
In file included from ../micro_config.h:21,
                 from ../uart.h:16,
                 from ../Control_M2.c:13:
c:/winavr-20100110/lib/gcc/../../avr/include/util/delay.h:90:3: warning: #warning "Compiler optimizations disabled; functions from <util/delay.h> won't work as designed"
Finished building: ../Control_M2.c
 
Building target: Control_M2.elf
Invoking: AVR C Linker
avr-gcc -Wl,-Map,Control_M2.map -mmcu=atmega16 -o "Control_M2.elf"  ./Control_M2.o ./external_eeprom.o ./i2c.o ./lcd.o ./timer.o ./uart.o   
Finished building target: Control_M2.elf
 
Invoking: AVR Create Extended Listing
avr-objdump -h -S Control_M2.elf  >"Control_M2.lss"
Finished building: Control_M2.lss
 
Invoking: Print Size
avr-size --format=avr --mcu=atmega16 Control_M2.elf
AVR Memory Usage
----------------
Device: atmega16

Program:   12018 bytes (73.4% Full)
(.text + .data + .bootloader)

Data:         33 bytes (3.2% Full)
(.data + .bss + .noinit)


Finished building: sizedummy
 
22:05:58 **** Incremental Build of configuration Debug for project HMI ****
make all 
Invoking: Print Size
avr-size --format=avr --mcu=atmega16 HMI.elf
AVR Memory Usage
----------------
Device: atmega16

Program:   11888 bytes (72.6% Full)
(.text + .data + .bootloader)

Data:        214 bytes (20.9% Full)
(.data + .bss + .noinit)


Finished building: sizedummy
 
